TN:
SF:D:\personal\coding\personalCode\gitForMe\webpackSample\src\js\api\mock\index.js
FNF:0
FNH:0
DA:1,1
DA:2,1
DA:4,1
DA:5,2
LF:4
LH:4
BRF:0
BRH:0
end_of_record
TN:
SF:D:\personal\coding\personalCode\gitForMe\webpackSample\src\js\api\mock\example\example0.js
FNF:0
FNH:0
LF:0
LH:0
BRF:0
BRH:0
end_of_record
TN:
SF:D:\personal\coding\personalCode\gitForMe\webpackSample\src\js\api\mock\example\example1.js
FNF:0
FNH:0
LF:0
LH:0
BRF:0
BRH:0
end_of_record
TN:
SF:D:\personal\coding\personalCode\gitForMe\webpackSample\config\project.conf.js
FNF:0
FNH:0
DA:4,1
LF:1
LH:1
BRF:0
BRH:0
end_of_record
TN:
SF:D:\personal\coding\personalCode\gitForMe\webpackSample\src\js\utils\network\ajax\request.js
FN:12,(anonymous_0)
FN:15,(anonymous_1)
FNF:2
FNH:2
FNDA:3,(anonymous_0)
FNDA:3,(anonymous_1)
DA:8,1
DA:12,1
DA:14,3
DA:16,3
LF:4
LH:4
BRF:0
BRH:0
end_of_record
TN:
SF:D:\personal\coding\personalCode\gitForMe\webpackSample\tests\unit\index.js
FN:10,testStart
FN:21,mock
FN:41,(anonymous_2)
FNF:3
FNH:3
FNDA:1,testStart
FNDA:1,mock
FNDA:1,(anonymous_2)
DA:11,1
DA:12,1
DA:14,1
DA:15,1
DA:22,1
DA:24,1
DA:29,2
DA:33,1
DA:41,1
DA:42,1
DA:43,1
LF:11
LH:11
BRDA:24,0,0,0
BRDA:25,1,0,0
BRDA:26,2,0,0
BRDA:27,3,0,0
BRDA:29,4,0,1
BRDA:29,4,1,1
BRF:6
BRH:2
end_of_record
TN:
SF:D:\personal\coding\personalCode\gitForMe\webpackSample\tests\unit\modules\components\example.spec.js
FNF:0
FNH:0
LF:0
LH:0
BRF:0
BRH:0
end_of_record
TN:
SF:D:\personal\coding\personalCode\gitForMe\webpackSample\src\js\utils\cookie\get.js
FN:11,get
FNF:1
FNH:1
FNDA:3,get
DA:12,3
LF:1
LH:1
BRDA:9,0,0,1
BRF:1
BRH:1
end_of_record
TN:
SF:D:\personal\coding\personalCode\gitForMe\webpackSample\tests\unit\modules\utils\cookie\get.spec.js
FN:8,(anonymous_0)
FN:11,(anonymous_1)
FN:14,(anonymous_2)
FN:18,(anonymous_3)
FN:21,(anonymous_4)
FN:26,(anonymous_5)
FN:34,(anonymous_6)
FNF:7
FNH:7
FNDA:1,(anonymous_0)
FNDA:1,(anonymous_1)
FNDA:1,(anonymous_2)
FNDA:1,(anonymous_3)
FNDA:1,(anonymous_4)
FNDA:1,(anonymous_5)
FNDA:1,(anonymous_6)
DA:8,1
DA:9,1
DA:11,1
DA:12,1
DA:14,1
DA:15,1
DA:18,1
DA:19,1
DA:21,1
DA:22,1
DA:26,1
DA:27,1
DA:31,1
DA:32,1
DA:34,1
DA:35,1
LF:16
LH:16
BRF:0
BRH:0
end_of_record
TN:
SF:D:\personal\coding\personalCode\gitForMe\webpackSample\src\js\utils\cookie\remove.js
FN:12,remove
FNF:1
FNH:1
FNDA:1,remove
DA:13,1
LF:1
LH:1
BRDA:11,0,0,1
BRF:1
BRH:1
end_of_record
TN:
SF:D:\personal\coding\personalCode\gitForMe\webpackSample\tests\unit\modules\utils\cookie\remove.spec.js
FN:8,(anonymous_0)
FN:9,(anonymous_1)
FN:13,(anonymous_2)
FN:16,(anonymous_3)
FNF:4
FNH:4
FNDA:1,(anonymous_0)
FNDA:1,(anonymous_1)
FNDA:1,(anonymous_2)
FNDA:1,(anonymous_3)
DA:8,1
DA:9,1
DA:10,1
DA:13,1
DA:14,1
DA:16,1
DA:17,1
LF:7
LH:7
BRF:0
BRH:0
end_of_record
TN:
SF:D:\personal\coding\personalCode\gitForMe\webpackSample\src\js\utils\cookie\set.js
FN:14,set
FNF:1
FNH:1
FNDA:1,set
DA:15,1
LF:1
LH:1
BRDA:13,0,0,1
BRF:1
BRH:1
end_of_record
TN:
SF:D:\personal\coding\personalCode\gitForMe\webpackSample\tests\unit\modules\utils\cookie\set.spec.js
FN:8,(anonymous_0)
FN:9,(anonymous_1)
FN:13,(anonymous_2)
FN:16,(anonymous_3)
FNF:4
FNH:4
FNDA:1,(anonymous_0)
FNDA:1,(anonymous_1)
FNDA:1,(anonymous_2)
FNDA:1,(anonymous_3)
DA:8,1
DA:9,1
DA:10,1
DA:13,1
DA:14,1
DA:16,1
DA:17,1
DA:22,1
LF:8
LH:8
BRF:0
BRH:0
end_of_record
TN:
SF:D:\personal\coding\personalCode\gitForMe\webpackSample\src\js\utils\func\debounce.js
FN:7,debounce
FN:7,(anonymous_1)
FN:10,(anonymous_2)
FN:12,(anonymous_3)
FNF:4
FNH:3
FNDA:2,debounce
FNDA:0,(anonymous_1)
FNDA:1,(anonymous_2)
FNDA:1,(anonymous_3)
DA:10,2
DA:11,1
DA:12,1
DA:13,1
LF:4
LH:4
BRDA:7,0,0,0
BRDA:7,1,0,0
BRDA:7,2,0,1
BRF:3
BRH:1
end_of_record
TN:
SF:D:\personal\coding\personalCode\gitForMe\webpackSample\tests\unit\modules\utils\func\debounce.spec.js
FN:8,(anonymous_0)
FN:9,(anonymous_1)
FN:12,(anonymous_2)
FN:14,(anonymous_3)
FN:17,(anonymous_4)
FNF:5
FNH:4
FNDA:1,(anonymous_0)
FNDA:1,(anonymous_1)
FNDA:1,(anonymous_2)
FNDA:0,(anonymous_3)
FNDA:1,(anonymous_4)
DA:8,1
DA:9,1
DA:10,1
DA:12,1
DA:13,1
DA:17,1
DA:18,1
LF:7
LH:7
BRF:0
BRH:0
end_of_record
TN:
SF:D:\personal\coding\personalCode\gitForMe\webpackSample\src\js\utils\func\throttle.js
FN:6,throttle
FN:9,(anonymous_1)
FN:11,(anonymous_2)
FNF:3
FNH:3
FNDA:2,throttle
FNDA:1,(anonymous_1)
FNDA:1,(anonymous_2)
DA:9,2
DA:10,1
DA:11,1
DA:12,1
DA:13,1
DA:17,1
LF:6
LH:6
BRDA:10,0,0,1
BRDA:10,0,1,0
BRF:2
BRH:1
end_of_record
TN:
SF:D:\personal\coding\personalCode\gitForMe\webpackSample\tests\unit\modules\utils\func\throttle.spec.js
FN:4,(anonymous_0)
FN:5,(anonymous_1)
FN:8,(anonymous_2)
FN:9,(anonymous_3)
FN:11,(anonymous_4)
FNF:5
FNH:4
FNDA:1,(anonymous_0)
FNDA:1,(anonymous_1)
FNDA:1,(anonymous_2)
FNDA:0,(anonymous_3)
FNDA:1,(anonymous_4)
DA:4,1
DA:5,1
DA:6,1
DA:8,1
DA:9,1
DA:11,1
DA:12,1
LF:7
LH:7
BRF:0
BRH:0
end_of_record
TN:
SF:D:\personal\coding\personalCode\gitForMe\webpackSample\src\js\utils\log\index.js
FN:2,(anonymous_0)
FNF:1
FNH:0
FNDA:0,(anonymous_0)
DA:1,1
DA:3,0
LF:2
LH:1
BRF:0
BRH:0
end_of_record
TN:
SF:D:\personal\coding\personalCode\gitForMe\webpackSample\src\js\utils\network\ajax\mock.js
FN:20,mock
FNF:1
FNH:1
FNDA:5,mock
DA:21,5
DA:22,0
DA:23,0
DA:25,0
DA:27,0
DA:32,0
DA:35,0
DA:36,0
LF:8
LH:1
BRDA:21,0,0,0
BRDA:21,0,1,5
BRDA:21,1,0,5
BRDA:21,1,1,5
BRDA:21,1,2,0
BRDA:27,2,0,0
BRDA:28,3,0,0
BRDA:29,4,0,0
BRDA:30,5,0,0
BRDA:32,6,0,0
BRDA:32,6,1,0
BRDA:35,7,0,0
BRDA:35,7,1,0
BRDA:35,8,0,0
BRDA:35,8,1,0
BRF:15
BRH:3
end_of_record
TN:
SF:D:\personal\coding\personalCode\gitForMe\webpackSample\src\js\utils\network\ajax\get.js
FN:15,get
FNF:1
FNH:1
FNDA:2,get
DA:16,2
DA:18,2
LF:2
LH:2
BRF:0
BRH:0
end_of_record
TN:
SF:D:\personal\coding\personalCode\gitForMe\webpackSample\tests\unit\modules\utils\network\ajax\get.spec.js
FN:8,(anonymous_0)
FN:9,(anonymous_1)
FN:13,(anonymous_2)
FN:16,(anonymous_3)
FN:22,(anonymous_4)
FN:25,(anonymous_5)
FNF:6
FNH:6
FNDA:1,(anonymous_0)
FNDA:1,(anonymous_1)
FNDA:1,(anonymous_2)
FNDA:1,(anonymous_3)
FNDA:1,(anonymous_4)
FNDA:1,(anonymous_5)
DA:8,1
DA:9,1
DA:10,1
DA:13,1
DA:14,1
DA:17,1
DA:18,1
DA:22,1
DA:23,1
DA:26,1
DA:27,1
DA:28,1
DA:29,1
LF:13
LH:13
BRF:0
BRH:0
end_of_record
TN:
SF:D:\personal\coding\personalCode\gitForMe\webpackSample\tests\unit\modules\utils\network\ajax\mock.spec.js
FN:8,(anonymous_0)
FN:9,(anonymous_1)
FN:13,(anonymous_2)
FNF:3
FNH:3
FNDA:1,(anonymous_0)
FNDA:1,(anonymous_1)
FNDA:1,(anonymous_2)
DA:8,1
DA:9,1
DA:10,1
DA:13,1
DA:14,1
LF:5
LH:5
BRF:0
BRH:0
end_of_record
TN:
SF:D:\personal\coding\personalCode\gitForMe\webpackSample\src\js\utils\network\ajax\post.js
FN:19,post
FNF:1
FNH:1
FNDA:2,post
DA:20,2
DA:22,2
LF:2
LH:2
BRF:0
BRH:0
end_of_record
TN:
SF:D:\personal\coding\personalCode\gitForMe\webpackSample\tests\unit\modules\utils\network\ajax\post.spec.js
FN:8,(anonymous_0)
FN:9,(anonymous_1)
FN:13,(anonymous_2)
FN:16,(anonymous_3)
FN:22,(anonymous_4)
FN:25,(anonymous_5)
FNF:6
FNH:6
FNDA:1,(anonymous_0)
FNDA:1,(anonymous_1)
FNDA:1,(anonymous_2)
FNDA:1,(anonymous_3)
FNDA:1,(anonymous_4)
FNDA:1,(anonymous_5)
DA:8,1
DA:9,1
DA:10,1
DA:13,1
DA:14,1
DA:17,1
DA:18,1
DA:22,1
DA:23,1
DA:26,1
DA:27,1
DA:28,1
DA:29,1
LF:13
LH:13
BRF:0
BRH:0
end_of_record
TN:
SF:D:\personal\coding\personalCode\gitForMe\webpackSample\tests\unit\modules\utils\network\ajax\request.spec.js
FN:8,(anonymous_0)
FN:9,(anonymous_1)
FN:13,(anonymous_2)
FN:16,(anonymous_3)
FN:22,(anonymous_4)
FN:25,(anonymous_5)
FNF:6
FNH:6
FNDA:1,(anonymous_0)
FNDA:1,(anonymous_1)
FNDA:1,(anonymous_2)
FNDA:1,(anonymous_3)
FNDA:1,(anonymous_4)
FNDA:1,(anonymous_5)
DA:8,1
DA:9,1
DA:10,1
DA:13,1
DA:14,1
DA:17,1
DA:18,1
DA:22,1
DA:23,1
DA:26,1
DA:27,1
DA:28,1
DA:29,1
LF:13
LH:13
BRF:0
BRH:0
end_of_record
TN:
SF:D:\personal\coding\personalCode\gitForMe\webpackSample\src\js\utils\object\deepFreeze.js
FN:7,deepFreeze
FNF:1
FNH:1
FNDA:5,deepFreeze
DA:8,5
DA:9,3
DA:11,3
DA:12,4
DA:16,5
LF:5
LH:5
BRDA:8,0,0,3
BRDA:8,0,1,2
BRDA:8,1,0,5
BRDA:8,1,1,3
BRF:4
BRH:4
end_of_record
TN:
SF:D:\personal\coding\personalCode\gitForMe\webpackSample\tests\unit\modules\utils\object\deepFreeze.spec.js
FN:8,(anonymous_0)
FN:17,(anonymous_1)
FN:22,recursiveExpect
FNF:3
FNH:3
FNDA:1,(anonymous_0)
FNDA:1,(anonymous_1)
FNDA:5,recursiveExpect
DA:8,1
DA:9,1
DA:17,1
DA:18,1
DA:23,5
DA:24,3
DA:26,3
DA:27,4
LF:8
LH:8
BRDA:23,0,0,3
BRDA:23,0,1,2
BRDA:23,1,0,5
BRDA:23,1,1,3
BRF:4
BRH:4
end_of_record
